<?xml version="1.0" encoding="UTF-8"?>
<!-- Generated by org.testng.reporters.JUnitXMLReporter -->
<testsuite ignored="0" hostname="LAXMIKANT" failures="1" tests="2" name="OrangeHRMLogin" time="23.355" errors="0" timestamp="2023-12-23T16:30:14 IST">
  <testcase classname="com.hyr.Tests.OrangeHRM" name="LaunchApp" time="23.301"/>
  <testcase classname="com.hyr.Tests.OrangeHRM" name="EnterLoginDetails" time="0.002">
    <failure type="java.lang.NullPointerException" message="Cannot invoke &amp;quot;org.openqa.selenium.WebDriver.findElement(org.openqa.selenium.By)&amp;quot; because &amp;quot;this.driver&amp;quot; is null">
      <![CDATA[java.lang.NullPointerException: Cannot invoke "org.openqa.selenium.WebDriver.findElement(org.openqa.selenium.By)" because "this.driver" is null
at com.hyr.Tests.OrangeHRM.EnterLoginDetails(OrangeHRM.java:27)
at java.base/java.util.ArrayList.forEach(ArrayList.java:1511)
... Removed 27 stack frames]]>
    </failure>
  </testcase> <!-- EnterLoginDetails -->
</testsuite> <!-- OrangeHRMLogin -->
